{
"/Users/amoore/Documents/code/Ingest/javascript-sdk/src/IngestAPI.js":{"path":"/Users/amoore/Documents/code/Ingest/javascript-sdk/src/IngestAPI.js","s":{"1":1,"2":1,"3":1,"4":1,"5":1},"b":{},"f":{"1":1,"2":1},"fnMap":{"1":{"name":"IngestAPI","line":1,"loc":{"start":{"line":1,"column":0},"end":{"line":1,"column":22}}},"2":{"name":"(anonymous_2)","line":5,"loc":{"start":{"line":5,"column":27},"end":{"line":5,"column":39}}}},"statementMap":{"1":{"start":{"line":1,"column":0},"end":{"line":3,"column":1}},"2":{"start":{"line":2,"column":2},"end":{"line":2,"column":26}},"3":{"start":{"line":5,"column":0},"end":{"line":9,"column":2}},"4":{"start":{"line":7,"column":2},"end":{"line":7,"column":19}},"5":{"start":{"line":11,"column":0},"end":{"line":11,"column":27}}},"branchMap":{},"l":{"1":1,"2":1,"5":1,"7":1,"11":1}}}
