{
"/Users/amoore/Documents/code/Ingest/javascript-sdk/src/IngestAPI.js":{"path":"/Users/amoore/Documents/code/Ingest/javascript-sdk/src/IngestAPI.js","s":{"1":1,"2":1,"3":1,"4":1,"5":0,"6":0,"7":0,"8":1,"9":0,"10":1,"11":0,"12":1,"13":0,"14":1,"15":0,"16":0,"17":0,"18":0,"19":0,"20":1},"b":{"1":[0,0],"2":[0,0],"3":[0,0]},"f":{"1":0,"2":0,"3":0,"4":0,"5":0},"fnMap":{"1":{"name":"IngestAPI","line":10,"loc":{"start":{"line":10,"column":0},"end":{"line":10,"column":29}}},"2":{"name":"(anonymous_2)","line":25,"loc":{"start":{"line":25,"column":31},"end":{"line":25,"column":48}}},"3":{"name":"(anonymous_3)","line":33,"loc":{"start":{"line":33,"column":31},"end":{"line":33,"column":43}}},"4":{"name":"(anonymous_4)","line":41,"loc":{"start":{"line":41,"column":32},"end":{"line":41,"column":44}}},"5":{"name":"(anonymous_5)","line":55,"loc":{"start":{"line":55,"column":35},"end":{"line":55,"column":54}}}},"statementMap":{"1":{"start":{"line":1,"column":0},"end":{"line":1,"column":38}},"2":{"start":{"line":2,"column":0},"end":{"line":2,"column":34}},"3":{"start":{"line":4,"column":0},"end":{"line":8,"column":2}},"4":{"start":{"line":10,"column":0},"end":{"line":19,"column":1}},"5":{"start":{"line":12,"column":2},"end":{"line":14,"column":3}},"6":{"start":{"line":13,"column":4},"end":{"line":13,"column":67}},"7":{"start":{"line":17,"column":2},"end":{"line":17,"column":31}},"8":{"start":{"line":25,"column":0},"end":{"line":27,"column":2}},"9":{"start":{"line":26,"column":2},"end":{"line":26,"column":21}},"10":{"start":{"line":33,"column":0},"end":{"line":35,"column":2}},"11":{"start":{"line":34,"column":2},"end":{"line":34,"column":20}},"12":{"start":{"line":41,"column":0},"end":{"line":48,"column":2}},"13":{"start":{"line":43,"column":2},"end":{"line":46,"column":5}},"14":{"start":{"line":55,"column":0},"end":{"line":71,"column":2}},"15":{"start":{"line":57,"column":2},"end":{"line":60,"column":3}},"16":{"start":{"line":59,"column":4},"end":{"line":59,"column":72}},"17":{"start":{"line":62,"column":2},"end":{"line":62,"column":28}},"18":{"start":{"line":64,"column":2},"end":{"line":64,"column":63}},"19":{"start":{"line":66,"column":2},"end":{"line":69,"column":5}},"20":{"start":{"line":73,"column":0},"end":{"line":73,"column":27}}},"branchMap":{"1":{"line":12,"type":"if","locations":[{"start":{"line":12,"column":2},"end":{"line":12,"column":2}},{"start":{"line":12,"column":2},"end":{"line":12,"column":2}}]},"2":{"line":12,"type":"binary-expr","locations":[{"start":{"line":12,"column":6},"end":{"line":12,"column":14}},{"start":{"line":12,"column":18},"end":{"line":12,"column":32}}]},"3":{"line":57,"type":"if","locations":[{"start":{"line":57,"column":2},"end":{"line":57,"column":2}},{"start":{"line":57,"column":2},"end":{"line":57,"column":2}}]}},"l":{"1":1,"2":1,"4":1,"10":1,"12":0,"13":0,"17":0,"25":1,"26":0,"33":1,"34":0,"41":1,"43":0,"55":1,"57":0,"59":0,"62":0,"64":0,"66":0,"73":1}},
"/Users/amoore/Documents/code/Ingest/javascript-sdk/src/Request.js":{"path":"/Users/amoore/Documents/code/Ingest/javascript-sdk/src/Request.js","s":{"1":1,"2":1,"3":1,"4":0,"5":0,"6":0,"7":0,"8":0,"9":0,"10":0,"11":0,"12":0,"13":1,"14":0,"15":1,"16":0,"17":0,"18":0,"19":0,"20":1,"21":0,"22":0,"23":0,"24":0,"25":0,"26":0,"27":1,"28":0,"29":1,"30":0,"31":0,"32":0,"33":0,"34":1,"35":2,"36":2,"37":4,"38":1,"39":1,"40":2,"41":1},"b":{"1":[0,0],"2":[0,0],"3":[0,0],"4":[0,0],"5":[1,3]},"f":{"1":0,"2":0,"3":0,"4":0,"5":0,"6":0,"7":2},"fnMap":{"1":{"name":"(anonymous_1)","line":8,"loc":{"start":{"line":8,"column":14},"end":{"line":8,"column":33}}},"2":{"name":"(anonymous_2)","line":39,"loc":{"start":{"line":39,"column":35},"end":{"line":39,"column":47}}},"3":{"name":"(anonymous_3)","line":46,"loc":{"start":{"line":46,"column":32},"end":{"line":46,"column":44}}},"4":{"name":"(anonymous_4)","line":63,"loc":{"start":{"line":63,"column":36},"end":{"line":63,"column":56}}},"5":{"name":"(anonymous_5)","line":86,"loc":{"start":{"line":86,"column":33},"end":{"line":86,"column":50}}},"6":{"name":"(anonymous_6)","line":93,"loc":{"start":{"line":93,"column":37},"end":{"line":93,"column":49}}},"7":{"name":"(anonymous_7)","line":114,"loc":{"start":{"line":114,"column":40},"end":{"line":114,"column":64}}}},"statementMap":{"1":{"start":{"line":1,"column":0},"end":{"line":1,"column":34}},"2":{"start":{"line":2,"column":0},"end":{"line":2,"column":43}},"3":{"start":{"line":8,"column":0},"end":{"line":34,"column":2}},"4":{"start":{"line":10,"column":2},"end":{"line":10,"column":36}},"5":{"start":{"line":13,"column":2},"end":{"line":13,"column":38}},"6":{"start":{"line":16,"column":2},"end":{"line":16,"column":24}},"7":{"start":{"line":19,"column":2},"end":{"line":19,"column":25}},"8":{"start":{"line":22,"column":2},"end":{"line":22,"column":25}},"9":{"start":{"line":25,"column":2},"end":{"line":25,"column":28}},"10":{"start":{"line":26,"column":2},"end":{"line":26,"column":30}},"11":{"start":{"line":29,"column":2},"end":{"line":29,"column":21}},"12":{"start":{"line":32,"column":2},"end":{"line":32,"column":31}},"13":{"start":{"line":39,"column":0},"end":{"line":41,"column":2}},"14":{"start":{"line":40,"column":2},"end":{"line":40,"column":86}},"15":{"start":{"line":46,"column":0},"end":{"line":57,"column":2}},"16":{"start":{"line":48,"column":2},"end":{"line":48,"column":71}},"17":{"start":{"line":51,"column":2},"end":{"line":53,"column":3}},"18":{"start":{"line":52,"column":4},"end":{"line":52,"column":71}},"19":{"start":{"line":55,"column":2},"end":{"line":55,"column":22}},"20":{"start":{"line":63,"column":0},"end":{"line":80,"column":2}},"21":{"start":{"line":64,"column":2},"end":{"line":64,"column":24}},"22":{"start":{"line":67,"column":2},"end":{"line":67,"column":39}},"23":{"start":{"line":72,"column":2},"end":{"line":76,"column":3}},"24":{"start":{"line":73,"column":4},"end":{"line":73,"column":22}},"25":{"start":{"line":75,"column":4},"end":{"line":75,"column":23}},"26":{"start":{"line":78,"column":2},"end":{"line":78,"column":39}},"27":{"start":{"line":86,"column":0},"end":{"line":88,"column":2}},"28":{"start":{"line":87,"column":2},"end":{"line":87,"column":30}},"29":{"start":{"line":93,"column":0},"end":{"line":107,"column":2}},"30":{"start":{"line":96,"column":2},"end":{"line":105,"column":3}},"31":{"start":{"line":99,"column":4},"end":{"line":103,"column":5}},"32":{"start":{"line":100,"column":6},"end":{"line":100,"column":54}},"33":{"start":{"line":102,"column":6},"end":{"line":102,"column":50}},"34":{"start":{"line":114,"column":0},"end":{"line":132,"column":2}},"35":{"start":{"line":116,"column":2},"end":{"line":118,"column":6}},"36":{"start":{"line":121,"column":2},"end":{"line":128,"column":3}},"37":{"start":{"line":123,"column":4},"end":{"line":126,"column":5}},"38":{"start":{"line":124,"column":6},"end":{"line":124,"column":20}},"39":{"start":{"line":125,"column":6},"end":{"line":125,"column":12}},"40":{"start":{"line":130,"column":2},"end":{"line":130,"column":16}},"41":{"start":{"line":134,"column":0},"end":{"line":134,"column":25}}},"branchMap":{"1":{"line":51,"type":"if","locations":[{"start":{"line":51,"column":2},"end":{"line":51,"column":2}},{"start":{"line":51,"column":2},"end":{"line":51,"column":2}}]},"2":{"line":72,"type":"if","locations":[{"start":{"line":72,"column":2},"end":{"line":72,"column":2}},{"start":{"line":72,"column":2},"end":{"line":72,"column":2}}]},"3":{"line":96,"type":"if","locations":[{"start":{"line":96,"column":2},"end":{"line":96,"column":2}},{"start":{"line":96,"column":2},"end":{"line":96,"column":2}}]},"4":{"line":99,"type":"if","locations":[{"start":{"line":99,"column":4},"end":{"line":99,"column":4}},{"start":{"line":99,"column":4},"end":{"line":99,"column":4}}]},"5":{"line":123,"type":"if","locations":[{"start":{"line":123,"column":4},"end":{"line":123,"column":4}},{"start":{"line":123,"column":4},"end":{"line":123,"column":4}}]}},"l":{"1":1,"2":1,"8":1,"10":0,"13":0,"16":0,"19":0,"22":0,"25":0,"26":0,"29":0,"32":0,"39":1,"40":0,"46":1,"48":0,"51":0,"52":0,"55":0,"63":1,"64":0,"67":0,"72":0,"73":0,"75":0,"78":0,"86":1,"87":0,"93":1,"96":0,"99":0,"100":0,"102":0,"114":1,"116":2,"121":2,"123":4,"124":1,"125":1,"130":2,"134":1}}}
