TN:
SF:/Users/amoore/Documents/code/Ingest/javascript-sdk/src/IngestAPI.js
FN:10,IngestAPI
FN:25,(anonymous_2)
FN:33,(anonymous_3)
FN:41,(anonymous_4)
FN:55,(anonymous_5)
FNF:5
FNH:0
FNDA:0,IngestAPI
FNDA:0,(anonymous_2)
FNDA:0,(anonymous_3)
FNDA:0,(anonymous_4)
FNDA:0,(anonymous_5)
DA:1,1
DA:2,1
DA:4,1
DA:10,1
DA:12,0
DA:13,0
DA:17,0
DA:25,1
DA:26,0
DA:33,1
DA:34,0
DA:41,1
DA:43,0
DA:55,1
DA:57,0
DA:59,0
DA:62,0
DA:64,0
DA:66,0
DA:73,1
LF:20
LH:9
BRDA:12,1,0,0
BRDA:12,1,1,0
BRDA:12,2,0,0
BRDA:12,2,1,0
BRDA:57,3,0,0
BRDA:57,3,1,0
BRF:6
BRH:0
end_of_record
TN:
SF:/Users/amoore/Documents/code/Ingest/javascript-sdk/src/Request.js
FN:8,(anonymous_1)
FN:39,(anonymous_2)
FN:46,(anonymous_3)
FN:63,(anonymous_4)
FN:86,(anonymous_5)
FN:93,(anonymous_6)
FN:114,(anonymous_7)
FNF:7
FNH:1
FNDA:0,(anonymous_1)
FNDA:0,(anonymous_2)
FNDA:0,(anonymous_3)
FNDA:0,(anonymous_4)
FNDA:0,(anonymous_5)
FNDA:0,(anonymous_6)
FNDA:2,(anonymous_7)
DA:1,1
DA:2,1
DA:8,1
DA:10,0
DA:13,0
DA:16,0
DA:19,0
DA:22,0
DA:25,0
DA:26,0
DA:29,0
DA:32,0
DA:39,1
DA:40,0
DA:46,1
DA:48,0
DA:51,0
DA:52,0
DA:55,0
DA:63,1
DA:64,0
DA:67,0
DA:72,0
DA:73,0
DA:75,0
DA:78,0
DA:86,1
DA:87,0
DA:93,1
DA:96,0
DA:99,0
DA:100,0
DA:102,0
DA:114,1
DA:116,2
DA:121,2
DA:123,4
DA:124,1
DA:125,1
DA:130,2
DA:134,1
LF:41
LH:16
BRDA:51,1,0,0
BRDA:51,1,1,0
BRDA:72,2,0,0
BRDA:72,2,1,0
BRDA:96,3,0,0
BRDA:96,3,1,0
BRDA:99,4,0,0
BRDA:99,4,1,0
BRDA:123,5,0,1
BRDA:123,5,1,3
BRF:10
BRH:2
end_of_record
